TN:
SF:C:\Users\Samarth Saxena\Desktop\Vasu\Code\pac-blockchain-32hr\lesson-9-hardhat-lottery\contracts\Raffle.sol
FN:45,constructor
FN:56,enterRaffle
FN:72,getEntranceFee
FN:76,getPlayer
FN:80,checkUpkeep
FN:97,performUpkeep
FN:116,fulfillRandomWords
FN:139,getRecentWinner
FN:143,getRaffleState
FN:147,getNumWords
FN:151,getNumberOfPlayers
FN:155,getLatestTimeStamp
FN:159,getRequestConfirmations
FN:163,getInterval
FNF:14
FNH:8
FNDA:3,constructor
FNDA:5,enterRaffle
FNDA:5,getEntranceFee
FNDA:1,getPlayer
FNDA:1,checkUpkeep
FNDA:1,performUpkeep
FNDA:0,fulfillRandomWords
FNDA:0,getRecentWinner
FNDA:1,getRaffleState
FNDA:0,getNumWords
FNDA:0,getNumberOfPlayers
FNDA:0,getLatestTimeStamp
FNDA:0,getRequestConfirmations
FNDA:5,getInterval
DA:46,3
DA:47,3
DA:48,3
DA:49,3
DA:50,3
DA:51,3
DA:52,3
DA:53,3
DA:57,5
DA:58,1
DA:60,4
DA:61,1
DA:63,3
DA:69,3
DA:73,5
DA:77,1
DA:85,1
DA:86,1
DA:87,1
DA:88,1
DA:89,1
DA:101,1
DA:102,1
DA:103,0
DA:105,1
DA:106,1
DA:113,1
DA:120,0
DA:121,0
DA:122,0
DA:123,0
DA:124,0
DA:125,0
DA:126,0
DA:127,0
DA:128,0
DA:130,0
DA:140,0
DA:144,1
DA:148,0
DA:152,0
DA:156,0
DA:160,0
DA:164,5
LF:44
LH:28
BRDA:57,1,0,1
BRDA:57,1,1,4
BRDA:60,2,0,1
BRDA:60,2,1,3
BRDA:102,3,0,0
BRDA:102,3,1,1
BRDA:127,4,0,0
BRDA:127,4,1,0
BRF:8
BRH:5
end_of_record
TN:
SF:C:\Users\Samarth Saxena\Desktop\Vasu\Code\pac-blockchain-32hr\lesson-9-hardhat-lottery\contracts\test\VRFCoordinatorV@Mock.sol
FNF:0
FNH:0
LF:0
LH:0
BRF:0
BRH:0
end_of_record
