{"contracts\\Raffle.sol":{"l":{"46":3,"47":3,"48":3,"49":3,"50":3,"51":3,"52":3,"53":3,"57":5,"58":1,"60":4,"61":1,"63":3,"69":3,"73":5,"77":1,"85":1,"86":1,"87":1,"88":1,"89":1,"101":1,"102":1,"103":0,"105":1,"106":1,"113":1,"120":0,"121":0,"122":0,"123":0,"124":0,"125":0,"126":0,"127":0,"128":0,"130":0,"140":0,"144":1,"148":0,"152":0,"156":0,"160":0,"164":5},"path":"C:\\Users\\Samarth Saxena\\Desktop\\Vasu\\Code\\pac-blockchain-32hr\\lesson-9-hardhat-lottery\\contracts\\Raffle.sol","s":{"1":5,"2":4,"3":3,"4":3,"5":5,"6":1,"7":1,"8":1,"9":1,"10":1,"11":1,"12":1,"13":1,"14":1,"15":0,"16":0,"17":0,"18":0,"19":0,"20":0,"21":1,"22":0,"23":0,"24":0,"25":0,"26":5},"b":{"1":[1,4],"2":[1,3],"3":[0,1],"4":[0,0]},"f":{"1":3,"2":5,"3":5,"4":1,"5":1,"6":1,"7":0,"8":0,"9":1,"10":0,"11":0,"12":0,"13":0,"14":5},"fnMap":{"1":{"name":"constructor","line":45,"loc":{"start":{"line":38,"column":4},"end":{"line":54,"column":4}}},"2":{"name":"enterRaffle","line":56,"loc":{"start":{"line":56,"column":4},"end":{"line":70,"column":4}}},"3":{"name":"getEntranceFee","line":72,"loc":{"start":{"line":72,"column":4},"end":{"line":74,"column":4}}},"4":{"name":"getPlayer","line":76,"loc":{"start":{"line":76,"column":4},"end":{"line":78,"column":4}}},"5":{"name":"checkUpkeep","line":80,"loc":{"start":{"line":80,"column":4},"end":{"line":93,"column":4}}},"6":{"name":"performUpkeep","line":97,"loc":{"start":{"line":97,"column":4},"end":{"line":114,"column":4}}},"7":{"name":"fulfillRandomWords","line":116,"loc":{"start":{"line":116,"column":4},"end":{"line":131,"column":4}}},"8":{"name":"getRecentWinner","line":139,"loc":{"start":{"line":139,"column":4},"end":{"line":141,"column":4}}},"9":{"name":"getRaffleState","line":143,"loc":{"start":{"line":143,"column":4},"end":{"line":145,"column":4}}},"10":{"name":"getNumWords","line":147,"loc":{"start":{"line":147,"column":4},"end":{"line":149,"column":4}}},"11":{"name":"getNumberOfPlayers","line":151,"loc":{"start":{"line":151,"column":4},"end":{"line":153,"column":4}}},"12":{"name":"getLatestTimeStamp","line":155,"loc":{"start":{"line":155,"column":4},"end":{"line":157,"column":4}}},"13":{"name":"getRequestConfirmations","line":159,"loc":{"start":{"line":159,"column":4},"end":{"line":161,"column":4}}},"14":{"name":"getInterval","line":163,"loc":{"start":{"line":163,"column":4},"end":{"line":165,"column":4}}}},"statementMap":{"1":{"start":{"line":57,"column":8},"end":{"line":57,"column":2048}},"2":{"start":{"line":60,"column":8},"end":{"line":60,"column":2152}},"3":{"start":{"line":63,"column":8},"end":{"line":63,"column":42}},"4":{"start":{"line":69,"column":8},"end":{"line":69,"column":36}},"5":{"start":{"line":73,"column":8},"end":{"line":73,"column":28}},"6":{"start":{"line":77,"column":8},"end":{"line":77,"column":31}},"7":{"start":{"line":85,"column":8},"end":{"line":85,"column":57}},"8":{"start":{"line":86,"column":8},"end":{"line":86,"column":74}},"9":{"start":{"line":87,"column":8},"end":{"line":87,"column":46}},"10":{"start":{"line":88,"column":8},"end":{"line":88,"column":49}},"11":{"start":{"line":101,"column":8},"end":{"line":101,"column":46}},"12":{"start":{"line":102,"column":8},"end":{"line":102,"column":3704}},"13":{"start":{"line":106,"column":8},"end":{"line":106,"column":3905}},"14":{"start":{"line":113,"column":8},"end":{"line":113,"column":45}},"15":{"start":{"line":120,"column":8},"end":{"line":120,"column":65}},"16":{"start":{"line":121,"column":8},"end":{"line":121,"column":63}},"17":{"start":{"line":126,"column":8},"end":{"line":126,"column":78}},"18":{"start":{"line":127,"column":8},"end":{"line":127,"column":4706}},"19":{"start":{"line":130,"column":8},"end":{"line":130,"column":39}},"20":{"start":{"line":140,"column":8},"end":{"line":140,"column":29}},"21":{"start":{"line":144,"column":8},"end":{"line":144,"column":28}},"22":{"start":{"line":148,"column":8},"end":{"line":148,"column":24}},"23":{"start":{"line":152,"column":8},"end":{"line":152,"column":31}},"24":{"start":{"line":156,"column":8},"end":{"line":156,"column":30}},"25":{"start":{"line":160,"column":8},"end":{"line":160,"column":36}},"26":{"start":{"line":164,"column":8},"end":{"line":164,"column":25}}},"branchMap":{"1":{"line":57,"type":"if","locations":[{"start":{"line":57,"column":8},"end":{"line":57,"column":8}},{"start":{"line":57,"column":8},"end":{"line":57,"column":8}}]},"2":{"line":60,"type":"if","locations":[{"start":{"line":60,"column":8},"end":{"line":60,"column":8}},{"start":{"line":60,"column":8},"end":{"line":60,"column":8}}]},"3":{"line":102,"type":"if","locations":[{"start":{"line":102,"column":8},"end":{"line":102,"column":8}},{"start":{"line":102,"column":8},"end":{"line":102,"column":8}}]},"4":{"line":127,"type":"if","locations":[{"start":{"line":127,"column":8},"end":{"line":127,"column":8}},{"start":{"line":127,"column":8},"end":{"line":127,"column":8}}]}}},"contracts\\test\\VRFCoordinatorV@Mock.sol":{"l":{},"path":"C:\\Users\\Samarth Saxena\\Desktop\\Vasu\\Code\\pac-blockchain-32hr\\lesson-9-hardhat-lottery\\contracts\\test\\VRFCoordinatorV@Mock.sol","s":{},"b":{},"f":{},"fnMap":{},"statementMap":{},"branchMap":{}}}